Determining if files alsa/asoundlib.h exist failed with the following output:
Change Dir: /Users/macbookair/Desktop/Projects/copycat/copycat/popup/popup/target/debug/build/fltk-sys-75ab16a526557526/out/build/CMakeFiles/CMakeTmp

Run Build Command(s):/usr/bin/make -f Makefile cmTC_28f89/fast && /Applications/Xcode.app/Contents/Developer/usr/bin/make  -f CMakeFiles/cmTC_28f89.dir/build.make CMakeFiles/cmTC_28f89.dir/build
Building C object CMakeFiles/cmTC_28f89.dir/HAVE_ALSA_ASOUNDLIB_H.c.o
/usr/bin/cc   -ffunction-sections -fdata-sections -fPIC -arch arm64  -arch arm64 -isysroot /Applications/Xcode.app/Contents/Developer/Platforms/MacOSX.platform/Developer/SDKs/MacOSX12.3.sdk -MD -MT CMakeFiles/cmTC_28f89.dir/HAVE_ALSA_ASOUNDLIB_H.c.o -MF CMakeFiles/cmTC_28f89.dir/HAVE_ALSA_ASOUNDLIB_H.c.o.d -o CMakeFiles/cmTC_28f89.dir/HAVE_ALSA_ASOUNDLIB_H.c.o -c /Users/macbookair/Desktop/Projects/copycat/copycat/popup/popup/target/debug/build/fltk-sys-75ab16a526557526/out/build/CMakeFiles/CheckIncludeFiles/HAVE_ALSA_ASOUNDLIB_H.c
/Users/macbookair/Desktop/Projects/copycat/copycat/popup/popup/target/debug/build/fltk-sys-75ab16a526557526/out/build/CMakeFiles/CheckIncludeFiles/HAVE_ALSA_ASOUNDLIB_H.c:2:10: fatal error: 'alsa/asoundlib.h' file not found
#include <alsa/asoundlib.h>
         ^~~~~~~~~~~~~~~~~~
1 error generated.
make[1]: *** [CMakeFiles/cmTC_28f89.dir/HAVE_ALSA_ASOUNDLIB_H.c.o] Error 1
make: *** [cmTC_28f89/fast] Error 2


Source:
/* */
#include <alsa/asoundlib.h>


int main(void){return 0;}

Determining if files GL/glu.h exist failed with the following output:
Change Dir: /Users/macbookair/Desktop/Projects/copycat/copycat/popup/popup/target/debug/build/fltk-sys-75ab16a526557526/out/build/CMakeFiles/CMakeTmp

Run Build Command(s):/usr/bin/make -f Makefile cmTC_e23f3/fast && /Applications/Xcode.app/Contents/Developer/usr/bin/make  -f CMakeFiles/cmTC_e23f3.dir/build.make CMakeFiles/cmTC_e23f3.dir/build
Building C object CMakeFiles/cmTC_e23f3.dir/HAVE_GL_GLU_H.c.o
/usr/bin/cc   -ffunction-sections -fdata-sections -fPIC -arch arm64  -arch arm64 -isysroot /Applications/Xcode.app/Contents/Developer/Platforms/MacOSX.platform/Developer/SDKs/MacOSX12.3.sdk -MD -MT CMakeFiles/cmTC_e23f3.dir/HAVE_GL_GLU_H.c.o -MF CMakeFiles/cmTC_e23f3.dir/HAVE_GL_GLU_H.c.o.d -o CMakeFiles/cmTC_e23f3.dir/HAVE_GL_GLU_H.c.o -c /Users/macbookair/Desktop/Projects/copycat/copycat/popup/popup/target/debug/build/fltk-sys-75ab16a526557526/out/build/CMakeFiles/CheckIncludeFiles/HAVE_GL_GLU_H.c
/Users/macbookair/Desktop/Projects/copycat/copycat/popup/popup/target/debug/build/fltk-sys-75ab16a526557526/out/build/CMakeFiles/CheckIncludeFiles/HAVE_GL_GLU_H.c:2:10: fatal error: 'GL/glu.h' file not found
#include <GL/glu.h>
         ^~~~~~~~~~
1 error generated.
make[1]: *** [CMakeFiles/cmTC_e23f3.dir/HAVE_GL_GLU_H.c.o] Error 1
make: *** [cmTC_e23f3/fast] Error 2


Source:
/* */
#include <GL/glu.h>


int main(void){return 0;}

Determining if files sys/stdtypes.h exist failed with the following output:
Change Dir: /Users/macbookair/Desktop/Projects/copycat/copycat/popup/popup/target/debug/build/fltk-sys-75ab16a526557526/out/build/CMakeFiles/CMakeTmp

Run Build Command(s):/usr/bin/make -f Makefile cmTC_5e60c/fast && /Applications/Xcode.app/Contents/Developer/usr/bin/make  -f CMakeFiles/cmTC_5e60c.dir/build.make CMakeFiles/cmTC_5e60c.dir/build
Building C object CMakeFiles/cmTC_5e60c.dir/HAVE_SYS_STDTYPES_H.c.o
/usr/bin/cc   -ffunction-sections -fdata-sections -fPIC -arch arm64  -arch arm64 -isysroot /Applications/Xcode.app/Contents/Developer/Platforms/MacOSX.platform/Developer/SDKs/MacOSX12.3.sdk -MD -MT CMakeFiles/cmTC_5e60c.dir/HAVE_SYS_STDTYPES_H.c.o -MF CMakeFiles/cmTC_5e60c.dir/HAVE_SYS_STDTYPES_H.c.o.d -o CMakeFiles/cmTC_5e60c.dir/HAVE_SYS_STDTYPES_H.c.o -c /Users/macbookair/Desktop/Projects/copycat/copycat/popup/popup/target/debug/build/fltk-sys-75ab16a526557526/out/build/CMakeFiles/CheckIncludeFiles/HAVE_SYS_STDTYPES_H.c
/Users/macbookair/Desktop/Projects/copycat/copycat/popup/popup/target/debug/build/fltk-sys-75ab16a526557526/out/build/CMakeFiles/CheckIncludeFiles/HAVE_SYS_STDTYPES_H.c:2:10: fatal error: 'sys/stdtypes.h' file not found
#include <sys/stdtypes.h>
         ^~~~~~~~~~~~~~~~
1 error generated.
make[1]: *** [CMakeFiles/cmTC_5e60c.dir/HAVE_SYS_STDTYPES_H.c.o] Error 1
make: *** [cmTC_5e60c/fast] Error 2


Source:
/* */
#include <sys/stdtypes.h>


int main(void){return 0;}

Determining if files X11/Xlib.h;X11/Xregion.h exist failed with the following output:
Change Dir: /Users/macbookair/Desktop/Projects/copycat/copycat/popup/popup/target/debug/build/fltk-sys-75ab16a526557526/out/build/CMakeFiles/CMakeTmp

Run Build Command(s):/usr/bin/make -f Makefile cmTC_43095/fast && /Applications/Xcode.app/Contents/Developer/usr/bin/make  -f CMakeFiles/cmTC_43095.dir/build.make CMakeFiles/cmTC_43095.dir/build
Building C object CMakeFiles/cmTC_43095.dir/HAVE_X11_XREGION_H.c.o
/usr/bin/cc   -ffunction-sections -fdata-sections -fPIC -arch arm64  -arch arm64 -isysroot /Applications/Xcode.app/Contents/Developer/Platforms/MacOSX.platform/Developer/SDKs/MacOSX12.3.sdk -MD -MT CMakeFiles/cmTC_43095.dir/HAVE_X11_XREGION_H.c.o -MF CMakeFiles/cmTC_43095.dir/HAVE_X11_XREGION_H.c.o.d -o CMakeFiles/cmTC_43095.dir/HAVE_X11_XREGION_H.c.o -c /Users/macbookair/Desktop/Projects/copycat/copycat/popup/popup/target/debug/build/fltk-sys-75ab16a526557526/out/build/CMakeFiles/CheckIncludeFiles/HAVE_X11_XREGION_H.c
/Users/macbookair/Desktop/Projects/copycat/copycat/popup/popup/target/debug/build/fltk-sys-75ab16a526557526/out/build/CMakeFiles/CheckIncludeFiles/HAVE_X11_XREGION_H.c:2:10: fatal error: 'X11/Xlib.h' file not found
#include <X11/Xlib.h>
         ^~~~~~~~~~~~
1 error generated.
make[1]: *** [CMakeFiles/cmTC_43095.dir/HAVE_X11_XREGION_H.c.o] Error 1
make: *** [cmTC_43095/fast] Error 2


Source:
/* */
#include <X11/Xlib.h>
#include <X11/Xregion.h>


int main(void){return 0;}

